Using pre-set license
Built from '2020.3/staging' branch; Version is '2020.3.4f1 (0abb6314276a) revision 703331'; Using compiler version '192528614'; Build Type 'Release'
OS: 'Windows 10 Education; OS build 18363.1500; Version 1909; 64bit' Language: 'en' Physical Memory: 24450 MB
BatchMode: 1, IsHumanControllingUs: 0, StartBugReporterOnCrash: 0, Is64bit: 1, IsPro: 0

 COMMAND LINE ARGUMENTS:
C:\dev\Unity\2020.3.4f1\Editor\Unity.exe
-adb2
-batchMode
-noUpm
-name
AssetImportWorker0
-projectPath
C:/Users/Nenad Stojanovic/Desktop/New folder (4)/Raft rush
-logFile
Logs/AssetImportWorker0.log
-srvPort
59019
Successfully changed project path to: C:/Users/Nenad Stojanovic/Desktop/New folder (4)/Raft rush
C:/Users/Nenad Stojanovic/Desktop/New folder (4)/Raft rush
Using Asset Import Pipeline V2.
Refreshing native plugins compatible for Editor in 34.85 ms, found 3 plugins.
Preloading 0 native plugins for Editor in 0.00 ms.
Initialize engine version: 2020.3.4f1 (0abb6314276a)
[Subsystems] Discovering subsystems at path C:/dev/Unity/2020.3.4f1/Editor/Data/Resources/UnitySubsystems
[Subsystems] Discovering subsystems at path C:/Users/Nenad Stojanovic/Desktop/New folder (4)/Raft rush/Assets
GfxDevice: creating device client; threaded=0
Direct3D:
    Version:  Direct3D 11.0 [level 11.1]
    Renderer: NVIDIA GeForce GTX 1060 (ID=0x1c20)
    Vendor:   
    VRAM:     6052 MB
    Driver:   27.21.14.6079
Initialize mono
Mono path[0] = 'C:/dev/Unity/2020.3.4f1/Editor/Data/Managed'
Mono path[1] = 'C:/dev/Unity/2020.3.4f1/Editor/Data/MonoBleedingEdge/lib/mono/unityjit'
Mono config path = 'C:/dev/Unity/2020.3.4f1/Editor/Data/MonoBleedingEdge/etc'
Using monoOptions --debugger-agent=transport=dt_socket,embedding=1,server=y,suspend=n,address=127.0.0.1:56984
Begin MonoManager ReloadAssembly
Registering precompiled unity dll's ...
Register platform support module: C:/dev/Unity/2020.3.4f1/Editor/Data/PlaybackEngines/WindowsStandaloneSupport/UnityEditor.WindowsStandalone.Extensions.dll
Registered in 0.001662 seconds.
Native extension for WindowsStandalone target not found
Refreshing native plugins compatible for Editor in 33.12 ms, found 3 plugins.
Preloading 0 native plugins for Editor in 0.00 ms.
Mono: successfully reloaded assembly
- Completed reload, in  1.851 seconds
Platform modules already initialized, skipping
Registering precompiled user dll's ...
Registered in 0.002666 seconds.
Begin MonoManager ReloadAssembly
Native extension for WindowsStandalone target not found
Refreshing native plugins compatible for Editor in 0.33 ms, found 3 plugins.
Preloading 0 native plugins for Editor in 0.00 ms.
Mono: successfully reloaded assembly
- Completed reload, in  0.884 seconds
Platform modules already initialized, skipping
========================================================================
Worker process is ready to serve import requests
Launched and connected shader compiler UnityShaderCompiler.exe after 0.05 seconds
Refreshing native plugins compatible for Editor in 0.62 ms, found 3 plugins.
Preloading 0 native plugins for Editor in 0.00 ms.
Unloading 1448 Unused Serialized files (Serialized files now loaded: 0)
System memory in use before: 82.0 MB.
System memory in use after: 82.1 MB.

Unloading 17 unused Assets to reduce memory usage. Loaded Objects now: 1894.
Total: 4.302000 ms (FindLiveObjects: 0.352500 ms CreateObjectMapping: 0.232000 ms MarkObjects: 3.483900 ms  DeleteObjects: 0.230600 ms)

========================================================================
Received Import Request.
  path: Assets/3D Models/Raft new.obj
  artifactKey: Guid(b56497d305f09314fb5d2424175b09da) Importer(815301076,1909f56bfc062723c751e8b465ee728b)
Start importing Assets/3D Models/Raft new.obj using Guid(b56497d305f09314fb5d2424175b09da) Importer(815301076,1909f56bfc062723c751e8b465ee728b)  -> (artifact id: '26d28b8889c1f1d305be838a680ab94d') in 0.194570 seconds
  Import took 0.197832 seconds .

========================================================================
Received Import Request.
  Time since last request: 42.104448 seconds.
  path: Assets/3D Models/Raft.obj
  artifactKey: Guid(3e621e167e8b1ef49890bb5c598eee3f) Importer(815301076,1909f56bfc062723c751e8b465ee728b)
Start importing Assets/3D Models/Raft.obj using Guid(3e621e167e8b1ef49890bb5c598eee3f) Importer(815301076,1909f56bfc062723c751e8b465ee728b)  -> (artifact id: 'e825675fbaec91419cab7374e4bdb83c') in 0.025321 seconds
  Import took 0.027928 seconds .

========================================================================
Received Import Request.
  Time since last request: 2024.590385 seconds.
  path: Assets/Supercyan Character Pack Free Sample/Models/free_male_1.FBX
  artifactKey: Guid(461413943bab6ef40aa2a33f18380180) Importer(815301076,1909f56bfc062723c751e8b465ee728b)
Start importing Assets/Supercyan Character Pack Free Sample/Models/free_male_1.FBX using Guid(461413943bab6ef40aa2a33f18380180) Importer(815301076,1909f56bfc062723c751e8b465ee728b)  -> (artifact id: '9d490b013d643f3821c0148e359a6f64') in 0.128235 seconds
  Import took 0.132004 seconds .

========================================================================
Received Prepare
Registering precompiled user dll's ...
Registered in 0.001980 seconds.
Begin MonoManager ReloadAssembly
Native extension for WindowsStandalone target not found
Refreshing native plugins compatible for Editor in 0.69 ms, found 3 plugins.
Preloading 0 native plugins for Editor in 0.00 ms.
Mono: successfully reloaded assembly
- Completed reload, in  0.885 seconds
Platform modules already initialized, skipping
Switching build target platform(5) subTarget(0) extendedPlatform(0) -> platform(13) subTarget(537395200) extendedPlatform(0)
Refreshing native plugins compatible for Editor in 0.37 ms, found 3 plugins.
Preloading 0 native plugins for Editor in 0.00 ms.
Unloading 1413 Unused Serialized files (Serialized files now loaded: 0)
System memory in use before: 94.7 MB.
System memory in use after: 94.8 MB.

Unloading 13 unused Assets to reduce memory usage. Loaded Objects now: 1942.
Total: 2.465200 ms (FindLiveObjects: 0.197900 ms CreateObjectMapping: 0.073100 ms MarkObjects: 2.171200 ms  DeleteObjects: 0.021900 ms)

AssetImportParameters requested are different than current active one (requested -> active):
  custom:graphics/normal-map-encoding: 01000000000000000000000000000000 -> 02000000000000000000000000000000
========================================================================
Received Import Request.
  Time since last request: 2438.659603 seconds.
  path: Assets/BrokenVector/LowPolyRockPack/Models/Rock Type1 01.dae
  artifactKey: Guid(beb8ceccb376f684095ae1a93f088717) Importer(815301076,1909f56bfc062723c751e8b465ee728b)
Start importing Assets/BrokenVector/LowPolyRockPack/Models/Rock Type1 01.dae using Guid(beb8ceccb376f684095ae1a93f088717) Importer(815301076,1909f56bfc062723c751e8b465ee728b)  -> (artifact id: 'dad214776f7b1647d9d15e09f6541002') in 0.312722 seconds
  Import took 0.316720 seconds .

========================================================================
Received Import Request.
  Time since last request: 0.570478 seconds.
  path: Assets/BrokenVector/LowPolyRockPack/Models/Rock Type1 02.dae
  artifactKey: Guid(110d2d66b09076d4e88fb91dc58961ab) Importer(815301076,1909f56bfc062723c751e8b465ee728b)
Start importing Assets/BrokenVector/LowPolyRockPack/Models/Rock Type1 02.dae using Guid(110d2d66b09076d4e88fb91dc58961ab) Importer(815301076,1909f56bfc062723c751e8b465ee728b)  -> (artifact id: '0fa375f6211e942f57da837def4ac259') in 0.030917 seconds
  Import took 0.038160 seconds .

========================================================================
Received Import Request.
  Time since last request: 0.015625 seconds.
  path: Assets/BrokenVector/LowPolyRockPack/Models/Rock Type1 02.dae
  artifactKey: Guid(110d2d66b09076d4e88fb91dc58961ab) Importer(815301076,1909f56bfc062723c751e8b465ee728b)
Start importing Assets/BrokenVector/LowPolyRockPack/Models/Rock Type1 02.dae using Guid(110d2d66b09076d4e88fb91dc58961ab) Importer(815301076,1909f56bfc062723c751e8b465ee728b)  -> (artifact id: '0fa375f6211e942f57da837def4ac259') in 0.013093 seconds
  Import took 0.018447 seconds .

========================================================================
Received Import Request.
  Time since last request: 0.454352 seconds.
  path: Assets/BrokenVector/LowPolyRockPack/Models/Rock Type1 03.dae
  artifactKey: Guid(9d775005a3ddca74096b475e99b14c13) Importer(815301076,1909f56bfc062723c751e8b465ee728b)
Start importing Assets/BrokenVector/LowPolyRockPack/Models/Rock Type1 03.dae using Guid(9d775005a3ddca74096b475e99b14c13) Importer(815301076,1909f56bfc062723c751e8b465ee728b)  -> (artifact id: '72d64165fafe389c00442baa2516ba68') in 0.017861 seconds
  Import took 0.021434 seconds .

========================================================================
Received Import Request.
  Time since last request: 32496.245283 seconds.
  path: Assets/Scripts/PlayerController.cs
  artifactKey: Guid(03dca2b4ff92dd344a8873ca8bf8ffb9) Importer(815301076,1909f56bfc062723c751e8b465ee728b)
Start importing Assets/Scripts/PlayerController.cs using Guid(03dca2b4ff92dd344a8873ca8bf8ffb9) Importer(815301076,1909f56bfc062723c751e8b465ee728b)  -> (artifact id: '0a203e09d460b2016fd318b801da86d6') in 0.011237 seconds
  Import took 0.036055 seconds .

========================================================================
Received Prepare
Registering precompiled user dll's ...
Registered in 0.161087 seconds.
Begin MonoManager ReloadAssembly
Native extension for WindowsStandalone target not found
Refreshing native plugins compatible for Editor in 0.34 ms, found 3 plugins.
Preloading 0 native plugins for Editor in 0.00 ms.
Mono: successfully reloaded assembly
- Completed reload, in  1.138 seconds
Platform modules already initialized, skipping
Switching build target platform(5) subTarget(0) extendedPlatform(0) -> platform(13) subTarget(537395200) extendedPlatform(0)
Refreshing native plugins compatible for Editor in 0.34 ms, found 3 plugins.
Preloading 0 native plugins for Editor in 0.00 ms.
Unloading 1412 Unused Serialized files (Serialized files now loaded: 0)
System memory in use before: 94.7 MB.
System memory in use after: 94.8 MB.

Unloading 13 unused Assets to reduce memory usage. Loaded Objects now: 1946.
Total: 2.348700 ms (FindLiveObjects: 0.239200 ms CreateObjectMapping: 0.068700 ms MarkObjects: 2.005500 ms  DeleteObjects: 0.033700 ms)

AssetImportParameters requested are different than current active one (requested -> active):
  custom:graphics/normal-map-encoding: 01000000000000000000000000000000 -> 02000000000000000000000000000000
========================================================================
Received Import Request.
  Time since last request: 47372.846880 seconds.
  path: Assets/Prefabs/Raft.prefab
  artifactKey: Guid(f73c4750540f41444a3fdc5f5cfb1d9a) Importer(815301076,1909f56bfc062723c751e8b465ee728b)
Start importing Assets/Prefabs/Raft.prefab using Guid(f73c4750540f41444a3fdc5f5cfb1d9a) Importer(815301076,1909f56bfc062723c751e8b465ee728b)  -> (artifact id: 'af8f202e628213ef44dab0a739af452b') in 0.360780 seconds
  Import took 0.364975 seconds .

========================================================================
Received Import Request.
  Time since last request: 0.161151 seconds.
  path: Assets/Prefabs/Rock obstacle narrow.prefab
  artifactKey: Guid(69eb981df6214244d9c5d8bcac5c3df3) Importer(815301076,1909f56bfc062723c751e8b465ee728b)
Start importing Assets/Prefabs/Rock obstacle narrow.prefab using Guid(69eb981df6214244d9c5d8bcac5c3df3) Importer(815301076,1909f56bfc062723c751e8b465ee728b)  -> (artifact id: '11ea592213cce015ad3c0b7e96a9421e') in 0.033555 seconds
  Import took 0.036911 seconds .

========================================================================
Received Import Request.
  Time since last request: 0.015956 seconds.
  path: Assets/Prefabs/Rock obstacle narrow.prefab
  artifactKey: Guid(69eb981df6214244d9c5d8bcac5c3df3) Importer(815301076,1909f56bfc062723c751e8b465ee728b)
Start importing Assets/Prefabs/Rock obstacle narrow.prefab using Guid(69eb981df6214244d9c5d8bcac5c3df3) Importer(815301076,1909f56bfc062723c751e8b465ee728b)  -> (artifact id: '11ea592213cce015ad3c0b7e96a9421e') in 0.010965 seconds
  Import took 0.013751 seconds .

========================================================================
Received Import Request.
  Time since last request: 1.305297 seconds.
  path: Assets/Prefabs/Raft death effect.prefab
  artifactKey: Guid(6bb4246cd74222c4aba4ad7d6ca79f67) Importer(815301076,1909f56bfc062723c751e8b465ee728b)
Start importing Assets/Prefabs/Raft death effect.prefab using Guid(6bb4246cd74222c4aba4ad7d6ca79f67) Importer(815301076,1909f56bfc062723c751e8b465ee728b)  -> (artifact id: '7b3adff77a33b86137fb7a678deb55e4') in 0.012826 seconds
  Import took 0.015870 seconds .

========================================================================
Received Import Request.
  Time since last request: 0.014713 seconds.
  path: Assets/Prefabs/Raft death effect.prefab
  artifactKey: Guid(6bb4246cd74222c4aba4ad7d6ca79f67) Importer(815301076,1909f56bfc062723c751e8b465ee728b)
Start importing Assets/Prefabs/Raft death effect.prefab using Guid(6bb4246cd74222c4aba4ad7d6ca79f67) Importer(815301076,1909f56bfc062723c751e8b465ee728b)  -> (artifact id: '7b3adff77a33b86137fb7a678deb55e4') in 0.004458 seconds
  Import took 0.007115 seconds .

========================================================================
Received Import Request.
  Time since last request: 385.287657 seconds.
  path: Assets/Scripts/DestroyYourSelf.cs
  artifactKey: Guid(3f44e2cdc22e44f4d951d2bb53ef5ee5) Importer(815301076,1909f56bfc062723c751e8b465ee728b)
Start importing Assets/Scripts/DestroyYourSelf.cs using Guid(3f44e2cdc22e44f4d951d2bb53ef5ee5) Importer(815301076,1909f56bfc062723c751e8b465ee728b)  -> (artifact id: 'ba1215b1f8903ef7909e5ec3990b4fd6') in 0.004725 seconds
  Import took 0.008579 seconds .

========================================================================
Received Import Request.
  Time since last request: 0.000698 seconds.
  path: Assets/Scripts/DestroyYourSelf.cs
  artifactKey: Guid(3f44e2cdc22e44f4d951d2bb53ef5ee5) Importer(815301076,1909f56bfc062723c751e8b465ee728b)
Start importing Assets/Scripts/DestroyYourSelf.cs using Guid(3f44e2cdc22e44f4d951d2bb53ef5ee5) Importer(815301076,1909f56bfc062723c751e8b465ee728b)  -> (artifact id: 'ba1215b1f8903ef7909e5ec3990b4fd6') in 0.003749 seconds
  Import took 0.006609 seconds .

========================================================================
Received Import Request.
  Time since last request: 4892.742771 seconds.
  path: Assets/Free Low Poly Desert Pack/FBX Files/Flat Colors/Flat_Palm_tree_01.fbx
  artifactKey: Guid(200c7bff23e82db4c8efd0f74195fcf8) Importer(815301076,1909f56bfc062723c751e8b465ee728b)
Start importing Assets/Free Low Poly Desert Pack/FBX Files/Flat Colors/Flat_Palm_tree_01.fbx using Guid(200c7bff23e82db4c8efd0f74195fcf8) Importer(815301076,1909f56bfc062723c751e8b465ee728b)  -> (artifact id: '8d3819da4731d06474000490938cf4a6') in 0.069213 seconds
  Import took 0.076106 seconds .

========================================================================
Received Import Request.
  Time since last request: 12.465428 seconds.
  path: Assets/Free Low Poly Desert Pack/Materials/Vertex Color.mat
  artifactKey: Guid(77f34d55cab75c741af8e49d369939ba) Importer(815301076,1909f56bfc062723c751e8b465ee728b)
Start importing Assets/Free Low Poly Desert Pack/Materials/Vertex Color.mat using Guid(77f34d55cab75c741af8e49d369939ba) Importer(815301076,1909f56bfc062723c751e8b465ee728b)  -> (artifact id: '7bdc3bb22be15282895b9c8ae8d09cfd') in 0.029391 seconds
  Import took 0.034975 seconds .

========================================================================
Received Import Request.
  Time since last request: 0.012849 seconds.
  path: Assets/Free Low Poly Desert Pack/Materials/Texture/Colors.png
  artifactKey: Guid(d304cb8c02935cc4e95da09e55425841) Importer(815301076,1909f56bfc062723c751e8b465ee728b)
Start importing Assets/Free Low Poly Desert Pack/Materials/Texture/Colors.png using Guid(d304cb8c02935cc4e95da09e55425841) Importer(815301076,1909f56bfc062723c751e8b465ee728b)  -> (artifact id: '69cb517c0e0c6d42d1cbc0ed706c8930') in 0.049480 seconds
  Import took 0.052864 seconds .

========================================================================
Received Import Request.
  Time since last request: 1082.120162 seconds.
  path: Assets/Scripts/FPSDisplay.cs
  artifactKey: Guid(84267084dd9420e4783e0d1109585b6e) Importer(815301076,1909f56bfc062723c751e8b465ee728b)
Start importing Assets/Scripts/FPSDisplay.cs using Guid(84267084dd9420e4783e0d1109585b6e) Importer(815301076,1909f56bfc062723c751e8b465ee728b)  -> (artifact id: '0094e91564fb9287ae026b62544e7214') in 0.009723 seconds
  Import took 0.013152 seconds .

========================================================================
Received Prepare
Refreshing native plugins compatible for Editor in 6868.14 ms, found 3 plugins.
Preloading 0 native plugins for Editor in 0.00 ms.
Unloading 11 Unused Serialized files (Serialized files now loaded: 0)
System memory in use before: 68.3 MB.
System memory in use after: 68.4 MB.

Unloading 10 unused Assets to reduce memory usage. Loaded Objects now: 1949.
Total: 7133.267300 ms (FindLiveObjects: 0.428000 ms CreateObjectMapping: 0.100600 ms MarkObjects: 7132.654300 ms  DeleteObjects: 0.082300 ms)

========================================================================
Received Prepare
Registering precompiled user dll's ...
Registered in 0.001998 seconds.
Begin MonoManager ReloadAssembly
Native extension for WindowsStandalone target not found
Refreshing native plugins compatible for Editor in 0.33 ms, found 3 plugins.
Preloading 0 native plugins for Editor in 0.00 ms.
Mono: successfully reloaded assembly
- Completed reload, in  1.005 seconds
Platform modules already initialized, skipping
Switching build target platform(5) subTarget(0) extendedPlatform(0) -> platform(13) subTarget(537395200) extendedPlatform(0)
Refreshing native plugins compatible for Editor in 0.32 ms, found 3 plugins.
Preloading 0 native plugins for Editor in 0.00 ms.
Unloading 1412 Unused Serialized files (Serialized files now loaded: 0)
System memory in use before: 94.9 MB.
System memory in use after: 95.0 MB.

Unloading 12 unused Assets to reduce memory usage. Loaded Objects now: 1952.
Total: 2.581200 ms (FindLiveObjects: 0.190100 ms CreateObjectMapping: 0.057700 ms MarkObjects: 2.314300 ms  DeleteObjects: 0.018000 ms)

AssetImportParameters requested are different than current active one (requested -> active):
  custom:graphics/normal-map-encoding: 01000000000000000000000000000000 -> 02000000000000000000000000000000
========================================================================
Received Prepare
Registering precompiled user dll's ...
Registered in 0.002573 seconds.
Begin MonoManager ReloadAssembly
Native extension for WindowsStandalone target not found
Refreshing native plugins compatible for Editor in 0.34 ms, found 3 plugins.
Preloading 0 native plugins for Editor in 0.00 ms.
Mono: successfully reloaded assembly
- Completed reload, in  0.965 seconds
Platform modules already initialized, skipping
Switching build target platform(5) subTarget(0) extendedPlatform(0) -> platform(13) subTarget(537395200) extendedPlatform(0)
Refreshing native plugins compatible for Editor in 0.32 ms, found 3 plugins.
Preloading 0 native plugins for Editor in 0.00 ms.
Unloading 1412 Unused Serialized files (Serialized files now loaded: 0)
System memory in use before: 94.9 MB.
System memory in use after: 95.0 MB.

Unloading 12 unused Assets to reduce memory usage. Loaded Objects now: 1955.
Total: 2.097800 ms (FindLiveObjects: 0.265900 ms CreateObjectMapping: 0.076000 ms MarkObjects: 1.736900 ms  DeleteObjects: 0.017900 ms)

AssetImportParameters requested are different than current active one (requested -> active):
  custom:graphics/normal-map-encoding: 01000000000000000000000000000000 -> 02000000000000000000000000000000
========================================================================
Received Prepare
Refreshing native plugins compatible for Editor in 3.21 ms, found 3 plugins.
Preloading 0 native plugins for Editor in 0.00 ms.
Unloading 11 Unused Serialized files (Serialized files now loaded: 0)
System memory in use before: 68.1 MB.
System memory in use after: 68.2 MB.

Unloading 10 unused Assets to reduce memory usage. Loaded Objects now: 1955.
Total: 1.753300 ms (FindLiveObjects: 0.184700 ms CreateObjectMapping: 0.045700 ms MarkObjects: 1.508200 ms  DeleteObjects: 0.013900 ms)

